Performing C++ SOURCE FILE Test CMAKE_HAVE_LIBC_PTHREAD failed with the following output:
Change Dir: E:/Practice/Practice/build-Practice_num2-Desktop_Qt_6_6_0_MSVC2019_64bit-Debug/CMakeFiles/CMakeTmp

Run Build Command(s):E:/visual studio/Common7/IDE/CommonExtensions/Microsoft/CMake/Ninja/ninja.exe cmTC_9f737 && [1/2] Building CXX object CMakeFiles\cmTC_9f737.dir\src.cxx.obj
FAILED: CMakeFiles/cmTC_9f737.dir/src.cxx.obj 
"E:\visual studio\VC\Tools\MSVC\14.29.30133\bin\HostX64\x64\cl.exe"  /nologo /TP -DCMAKE_HAVE_LIBC_PTHREAD  -DQT_QML_DEBUG /DWIN32 /D_WINDOWS /W3 /GR /EHsc  /MDd /Zi /Ob0 /Od /RTC1 -std:c++17 /showIncludes /FoCMakeFiles\cmTC_9f737.dir\src.cxx.obj /FdCMakeFiles\cmTC_9f737.dir\ /FS -c E:\Practice\Practice\build-Practice_num2-Desktop_Qt_6_6_0_MSVC2019_64bit-Debug\CMakeFiles\CMakeTmp\src.cxx
E:\Practice\Practice\build-Practice_num2-Desktop_Qt_6_6_0_MSVC2019_64bit-Debug\CMakeFiles\CMakeTmp\src.cxx(1): fatal error C1083: Cannot open include file: 'pthread.h': No such file or directory
ninja: build stopped: subcommand failed.


Source file was:
#include <pthread.h>

static void* test_func(void* data)
{
  return data;
}

int main(void)
{
  pthread_t thread;
  pthread_create(&thread, NULL, test_func, NULL);
  pthread_detach(thread);
  pthread_cancel(thread);
  pthread_join(thread, NULL);
  pthread_atfork(NULL, NULL, NULL);
  pthread_exit(NULL);

  return 0;
}

Determining if the function pthread_create exists in the pthreads failed with the following output:
Change Dir: E:/Practice/Practice/build-Practice_num2-Desktop_Qt_6_6_0_MSVC2019_64bit-Debug/CMakeFiles/CMakeTmp

Run Build Command(s):E:/visual studio/Common7/IDE/CommonExtensions/Microsoft/CMake/Ninja/ninja.exe cmTC_4be1e && [1/2] Building CXX object CMakeFiles\cmTC_4be1e.dir\CheckFunctionExists.cxx.obj
[2/2] Linking CXX executable cmTC_4be1e.exe
FAILED: cmTC_4be1e.exe 
cmd.exe /C "cd . && E:\QT\Tools\CMake_64\bin\cmake.exe -E vs_link_exe --intdir=CMakeFiles\cmTC_4be1e.dir --rc=C:\PROGRA~2\WI3CF2~1\10\bin\100190~1.0\x64\rc.exe --mt=C:\PROGRA~2\WI3CF2~1\10\bin\100190~1.0\x64\mt.exe --manifests  -- "E:\visual studio\VC\Tools\MSVC\14.29.30133\bin\Hostx64\x64\link.exe" /nologo CMakeFiles\cmTC_4be1e.dir\CheckFunctionExists.cxx.obj  /out:cmTC_4be1e.exe /implib:cmTC_4be1e.lib /pdb:cmTC_4be1e.pdb /version:0.0 /machine:x64  /debug /INCREMENTAL /subsystem:console  pthreads.lib  kernel32.lib user32.lib gdi32.lib winspool.lib shell32.lib ole32.lib oleaut32.lib uuid.lib comdlg32.lib advapi32.lib && cd ."
LINK Pass 1: command "E:\visual studio\VC\Tools\MSVC\14.29.30133\bin\Hostx64\x64\link.exe /nologo CMakeFiles\cmTC_4be1e.dir\CheckFunctionExists.cxx.obj /out:cmTC_4be1e.exe /implib:cmTC_4be1e.lib /pdb:cmTC_4be1e.pdb /version:0.0 /machine:x64 /debug /INCREMENTAL /subsystem:console pthreads.lib kernel32.lib user32.lib gdi32.lib winspool.lib shell32.lib ole32.lib oleaut32.lib uuid.lib comdlg32.lib advapi32.lib /MANIFEST /MANIFESTFILE:CMakeFiles\cmTC_4be1e.dir/intermediate.manifest CMakeFiles\cmTC_4be1e.dir/manifest.res" failed (exit code 1104) with the following output:
LINK : fatal error LNK1104: cannot open file 'pthreads.lib'
ninja: build stopped: subcommand failed.



Determining if the function pthread_create exists in the pthread failed with the following output:
Change Dir: E:/Practice/Practice/build-Practice_num2-Desktop_Qt_6_6_0_MSVC2019_64bit-Debug/CMakeFiles/CMakeTmp

Run Build Command(s):E:/visual studio/Common7/IDE/CommonExtensions/Microsoft/CMake/Ninja/ninja.exe cmTC_e38ec && [1/2] Building CXX object CMakeFiles\cmTC_e38ec.dir\CheckFunctionExists.cxx.obj
[2/2] Linking CXX executable cmTC_e38ec.exe
FAILED: cmTC_e38ec.exe 
cmd.exe /C "cd . && E:\QT\Tools\CMake_64\bin\cmake.exe -E vs_link_exe --intdir=CMakeFiles\cmTC_e38ec.dir --rc=C:\PROGRA~2\WI3CF2~1\10\bin\100190~1.0\x64\rc.exe --mt=C:\PROGRA~2\WI3CF2~1\10\bin\100190~1.0\x64\mt.exe --manifests  -- "E:\visual studio\VC\Tools\MSVC\14.29.30133\bin\Hostx64\x64\link.exe" /nologo CMakeFiles\cmTC_e38ec.dir\CheckFunctionExists.cxx.obj  /out:cmTC_e38ec.exe /implib:cmTC_e38ec.lib /pdb:cmTC_e38ec.pdb /version:0.0 /machine:x64  /debug /INCREMENTAL /subsystem:console  pthread.lib  kernel32.lib user32.lib gdi32.lib winspool.lib shell32.lib ole32.lib oleaut32.lib uuid.lib comdlg32.lib advapi32.lib && cd ."
LINK Pass 1: command "E:\visual studio\VC\Tools\MSVC\14.29.30133\bin\Hostx64\x64\link.exe /nologo CMakeFiles\cmTC_e38ec.dir\CheckFunctionExists.cxx.obj /out:cmTC_e38ec.exe /implib:cmTC_e38ec.lib /pdb:cmTC_e38ec.pdb /version:0.0 /machine:x64 /debug /INCREMENTAL /subsystem:console pthread.lib kernel32.lib user32.lib gdi32.lib winspool.lib shell32.lib ole32.lib oleaut32.lib uuid.lib comdlg32.lib advapi32.lib /MANIFEST /MANIFESTFILE:CMakeFiles\cmTC_e38ec.dir/intermediate.manifest CMakeFiles\cmTC_e38ec.dir/manifest.res" failed (exit code 1104) with the following output:
LINK : fatal error LNK1104: cannot open file 'pthread.lib'
ninja: build stopped: subcommand failed.



